<html>
<head>
<title>TestNG:  Test 1</title>
<link href="../testng.css" rel="stylesheet" type="text/css" />
<link href="../my-testng.css" rel="stylesheet" type="text/css" />

<style type="text/css">
.log { display: none;} 
.stack-trace { display: none;} 
</style>
<script type="text/javascript">
<!--
function flip(e) {
  current = e.style.display;
  if (current == 'block') {
    e.style.display = 'none';
    return 0;
  }
  else {
    e.style.display = 'block';
    return 1;
  }
}

function toggleBox(szDivId, elem, msg1, msg2)
{
  var res = -1;  if (document.getElementById) {
    res = flip(document.getElementById(szDivId));
  }
  else if (document.all) {
    // this is the way old msie versions work
    res = flip(document.all[szDivId]);
  }
  if(elem) {
    if(res == 0) elem.innerHTML = msg1; else elem.innerHTML = msg2;
  }

}

function toggleAllBoxes() {
  if (document.getElementsByTagName) {
    d = document.getElementsByTagName('div');
    for (i = 0; i < d.length; i++) {
      if (d[i].className == 'log') {
        flip(d[i]);
      }
    }
  }
}

// -->
</script>

</head>
<body>
<h2 align='center'>Test 1</h2><table border='1' align="center">
<tr>
<td>Tests passed/Failed/Skipped:</td><td>4/2/0</td>
</tr><tr>
<td>Started on:</td><td>Mon Dec 23 21:33:19 IST 2024</td>
</tr>
<tr><td>Total time:</td><td>0 seconds (114 ms)</td>
</tr><tr>
<td>Included groups:</td><td></td>
</tr><tr>
<td>Excluded groups:</td><td></td>
</tr>
</table><p/>
<small><i>(Hover the method name to see the test class name)</i></small><p/>
<table width='100%' border='1' class='invocation-failed'>
<tr><td colspan='4' align='center'><b>FAILED TESTS</b></td></tr>
<tr><td><b>Test method</b></td>
<td width="30%"><b>Exception</b></td>
<td width="10%"><b>Time (seconds)</b></td>
<td><b>Instance</b></td>
</tr>
<tr>
<td title='testNG.prac.SecondTest.function1()'><b>function1</b><br>Test class: testNG.prac.SecondTest</td>
<td><div><pre>org.testng.TestNGException: 
Parameter &apos;pvaltwo&apos; is required by @Test on method function1 but has not been marked @Optional or defined
in C:\Users\Yashwanth\eclipse-workspace\sel.prac\ClassesParallel.xml
	at java.base/java.util.concurrent.ThreadPoolExecutor.runWorker(ThreadPoolExecutor.java:1136)
	at java.base/java.util.concurrent.ThreadPoolExecutor$Worker.run(ThreadPoolExecutor.java:635)
	at java.base/java.lang.Thread.run(Thread.java:840)
... Removed 11 stack frames</pre></div><a href='#' onClick='toggleBox("stack-trace1946659463", this, "Click to show all stack frames", "Click to hide stack frames")'>Click to show all stack frames</a>
<div class='stack-trace' id='stack-trace1946659463'><pre>org.testng.TestNGException: 
Parameter &apos;pvaltwo&apos; is required by @Test on method function1 but has not been marked @Optional or defined
in C:\Users\Yashwanth\eclipse-workspace\sel.prac\ClassesParallel.xml
	at org.testng.internal.Parameters.createParams(Parameters.java:272)
	at org.testng.internal.Parameters.createParametersForMethod(Parameters.java:360)
	at org.testng.internal.Parameters.createParameters(Parameters.java:704)
	at org.testng.internal.Parameters.handleParameters(Parameters.java:879)
	at org.testng.internal.Parameters.handleParameters(Parameters.java:744)
	at org.testng.internal.ParameterHandler.handleParameters(ParameterHandler.java:59)
	at org.testng.internal.ParameterHandler.createParameters(ParameterHandler.java:38)
	at org.testng.internal.TestInvoker$MethodInvocationAgent.invoke(TestInvoker.java:783)
	at org.testng.internal.TestInvoker.invokeTestMethods(TestInvoker.java:146)
	at org.testng.internal.TestMethodWorker.invokeTestMethods(TestMethodWorker.java:146)
	at org.testng.internal.TestMethodWorker.run(TestMethodWorker.java:128)
	at java.base/java.util.concurrent.ThreadPoolExecutor.runWorker(ThreadPoolExecutor.java:1136)
	at java.base/java.util.concurrent.ThreadPoolExecutor$Worker.run(ThreadPoolExecutor.java:635)
	at java.base/java.lang.Thread.run(Thread.java:840)
</pre></div></td>
<td>0</td>
<td>testNG.prac.SecondTest@932bc4a</td></tr>
<tr>
<td title='testNG.prac.FirstTest.operation3()'><b>operation3</b><br>Test class: testNG.prac.FirstTest</td>
<td><div><pre>org.testng.TestNGException: 
Parameter &apos;pval&apos; is required by @Test on method operation3 but has not been marked @Optional or defined
in C:\Users\Yashwanth\eclipse-workspace\sel.prac\ClassesParallel.xml
	at java.base/java.util.concurrent.ThreadPoolExecutor.runWorker(ThreadPoolExecutor.java:1136)
	at java.base/java.util.concurrent.ThreadPoolExecutor$Worker.run(ThreadPoolExecutor.java:635)
	at java.base/java.lang.Thread.run(Thread.java:840)
... Removed 11 stack frames</pre></div><a href='#' onClick='toggleBox("stack-trace556255236", this, "Click to show all stack frames", "Click to hide stack frames")'>Click to show all stack frames</a>
<div class='stack-trace' id='stack-trace556255236'><pre>org.testng.TestNGException: 
Parameter &apos;pval&apos; is required by @Test on method operation3 but has not been marked @Optional or defined
in C:\Users\Yashwanth\eclipse-workspace\sel.prac\ClassesParallel.xml
	at org.testng.internal.Parameters.createParams(Parameters.java:272)
	at org.testng.internal.Parameters.createParametersForMethod(Parameters.java:360)
	at org.testng.internal.Parameters.createParameters(Parameters.java:704)
	at org.testng.internal.Parameters.handleParameters(Parameters.java:879)
	at org.testng.internal.Parameters.handleParameters(Parameters.java:744)
	at org.testng.internal.ParameterHandler.handleParameters(ParameterHandler.java:59)
	at org.testng.internal.ParameterHandler.createParameters(ParameterHandler.java:38)
	at org.testng.internal.TestInvoker$MethodInvocationAgent.invoke(TestInvoker.java:783)
	at org.testng.internal.TestInvoker.invokeTestMethods(TestInvoker.java:146)
	at org.testng.internal.TestMethodWorker.invokeTestMethods(TestMethodWorker.java:146)
	at org.testng.internal.TestMethodWorker.run(TestMethodWorker.java:128)
	at java.base/java.util.concurrent.ThreadPoolExecutor.runWorker(ThreadPoolExecutor.java:1136)
	at java.base/java.util.concurrent.ThreadPoolExecutor$Worker.run(ThreadPoolExecutor.java:635)
	at java.base/java.lang.Thread.run(Thread.java:840)
</pre></div></td>
<td>0</td>
<td>testNG.prac.FirstTest@6bedbc4d</td></tr>
</table><p>
<table width='100%' border='1' class='invocation-passed'>
<tr><td colspan='4' align='center'><b>PASSED TESTS</b></td></tr>
<tr><td><b>Test method</b></td>
<td width="30%"><b>Exception</b></td>
<td width="10%"><b>Time (seconds)</b></td>
<td><b>Instance</b></td>
</tr>
<tr>
<td title='testNG.prac.SecondTest.function2()'><b>function2</b><br>Test class: testNG.prac.SecondTest<br>Parameters: public void testNG.prac.SecondTest.function2(java.lang.reflect.Method)</td>
<td></td>
<td>0</td>
<td>testNG.prac.SecondTest@932bc4a</td></tr>
<tr>
<td title='testNG.prac.SecondTest.function3()'><b>function3</b><br>Test class: testNG.prac.SecondTest<br>Parameters: public void testNG.prac.SecondTest.function3(java.lang.reflect.Method)</td>
<td></td>
<td>0</td>
<td>testNG.prac.SecondTest@932bc4a</td></tr>
<tr>
<td title='testNG.prac.FirstTest.operation1()'><b>operation1</b><br>Test class: testNG.prac.FirstTest<br>Parameters: public void testNG.prac.FirstTest.operation1(java.lang.reflect.Method)</td>
<td></td>
<td>0</td>
<td>testNG.prac.FirstTest@6bedbc4d</td></tr>
<tr>
<td title='testNG.prac.FirstTest.operation2()'><b>operation2</b><br>Test class: testNG.prac.FirstTest<br>Parameters: public void testNG.prac.FirstTest.operation2(java.lang.reflect.Method)</td>
<td></td>
<td>0</td>
<td>testNG.prac.FirstTest@6bedbc4d</td></tr>
</table><p>
</body>
</html>