<?xml version="1.0" encoding="UTF-8"?>
<!-- Generated by org.testng.reporters.JUnitXMLReporter -->
<testsuite ignored="1" hostname="LAPTOP-UMJHD2B3" failures="2" tests="6" name="Test 1" time="0.114" errors="0" timestamp="2024-12-23T21:33:19 IST">
  <testcase classname="testNG.prac.SecondTest" name="function1" time="0.0">
    <failure type="org.testng.TestNGException" message="
Parameter &amp;apos;pvaltwo&amp;apos; is required by @Test on method function1 but has not been marked @Optional or defined
in C:\Users\Yashwanth\eclipse-workspace\sel.prac\ClassesParallel.xml">
      <![CDATA[org.testng.TestNGException: 
Parameter 'pvaltwo' is required by @Test on method function1 but has not been marked @Optional or defined
in C:\Users\Yashwanth\eclipse-workspace\sel.prac\ClassesParallel.xml
at java.base/java.util.concurrent.ThreadPoolExecutor.runWorker(ThreadPoolExecutor.java:1136)
at java.base/java.util.concurrent.ThreadPoolExecutor$Worker.run(ThreadPoolExecutor.java:635)
at java.base/java.lang.Thread.run(Thread.java:840)
... Removed 11 stack frames]]>
    </failure>
  </testcase> <!-- function1 -->
  <testcase classname="testNG.prac.FirstTest" name="operation1" time="0.02"/>
  <testcase classname="testNG.prac.SecondTest" name="function2" time="0.021"/>
  <testcase classname="testNG.prac.FirstTest" name="operation2" time="0.003"/>
  <testcase classname="testNG.prac.FirstTest" name="operation3" time="0.0">
    <failure type="org.testng.TestNGException" message="
Parameter &amp;apos;pval&amp;apos; is required by @Test on method operation3 but has not been marked @Optional or defined
in C:\Users\Yashwanth\eclipse-workspace\sel.prac\ClassesParallel.xml">
      <![CDATA[org.testng.TestNGException: 
Parameter 'pval' is required by @Test on method operation3 but has not been marked @Optional or defined
in C:\Users\Yashwanth\eclipse-workspace\sel.prac\ClassesParallel.xml
at java.base/java.util.concurrent.ThreadPoolExecutor.runWorker(ThreadPoolExecutor.java:1136)
at java.base/java.util.concurrent.ThreadPoolExecutor$Worker.run(ThreadPoolExecutor.java:635)
at java.base/java.lang.Thread.run(Thread.java:840)
... Removed 11 stack frames]]>
    </failure>
  </testcase> <!-- operation3 -->
  <testcase classname="testNG.prac.SecondTest" name="function3" time="0.016"/>
  <testcase classname="testNG.prac.FirstTest" name="dummyMethod" time="0.0">
    <ignored/>
  </testcase> <!-- dummyMethod -->
</testsuite> <!-- Test 1 -->
